Performing C SOURCE FILE Test UV_LINT_NO_UNUSED_PARAMETER_MSVC failed with the following output:
Change Dir: /home/dweller/neovim/.deps/build/src/libuv-build/CMakeFiles/CMakeTmp

Run Build Command(s):/usr/bin/gmake -f Makefile cmTC_381d5/fast && gmake[4]: Entering directory '/home/dweller/neovim/.deps/build/src/libuv-build/CMakeFiles/CMakeTmp'
/usr/bin/gmake  -f CMakeFiles/cmTC_381d5.dir/build.make CMakeFiles/cmTC_381d5.dir/build
gmake[5]: Entering directory '/home/dweller/neovim/.deps/build/src/libuv-build/CMakeFiles/CMakeTmp'
Building C object CMakeFiles/cmTC_381d5.dir/src.c.o
/usr/bin/cc -DUV_LINT_NO_UNUSED_PARAMETER_MSVC  -fPIE   /wd4100 -std=gnu11 -o CMakeFiles/cmTC_381d5.dir/src.c.o -c /home/dweller/neovim/.deps/build/src/libuv-build/CMakeFiles/CMakeTmp/src.c
cc: warning: /wd4100: linker input file unused because linking not done
cc: error: /wd4100: linker input file not found: No such file or directory
gmake[5]: *** [CMakeFiles/cmTC_381d5.dir/build.make:78: CMakeFiles/cmTC_381d5.dir/src.c.o] Error 1
gmake[5]: *** Deleting file 'CMakeFiles/cmTC_381d5.dir/src.c.o'
gmake[5]: Leaving directory '/home/dweller/neovim/.deps/build/src/libuv-build/CMakeFiles/CMakeTmp'
gmake[4]: *** [Makefile:127: cmTC_381d5/fast] Error 2
gmake[4]: Leaving directory '/home/dweller/neovim/.deps/build/src/libuv-build/CMakeFiles/CMakeTmp'


Source file was:
int main(void) { return 0; }
Performing C SOURCE FILE Test UV_LINT_NO_CONDITIONAL_CONSTANT_MSVC failed with the following output:
Change Dir: /home/dweller/neovim/.deps/build/src/libuv-build/CMakeFiles/CMakeTmp

Run Build Command(s):/usr/bin/gmake -f Makefile cmTC_6d500/fast && gmake[4]: Entering directory '/home/dweller/neovim/.deps/build/src/libuv-build/CMakeFiles/CMakeTmp'
/usr/bin/gmake  -f CMakeFiles/cmTC_6d500.dir/build.make CMakeFiles/cmTC_6d500.dir/build
gmake[5]: Entering directory '/home/dweller/neovim/.deps/build/src/libuv-build/CMakeFiles/CMakeTmp'
Building C object CMakeFiles/cmTC_6d500.dir/src.c.o
/usr/bin/cc -DUV_LINT_NO_CONDITIONAL_CONSTANT_MSVC  -fPIE   /wd4127 -std=gnu11 -o CMakeFiles/cmTC_6d500.dir/src.c.o -c /home/dweller/neovim/.deps/build/src/libuv-build/CMakeFiles/CMakeTmp/src.c
cc: warning: /wd4127: linker input file unused because linking not done
cc: error: /wd4127: linker input file not found: No such file or directory
gmake[5]: *** [CMakeFiles/cmTC_6d500.dir/build.make:78: CMakeFiles/cmTC_6d500.dir/src.c.o] Error 1
gmake[5]: *** Deleting file 'CMakeFiles/cmTC_6d500.dir/src.c.o'
gmake[5]: Leaving directory '/home/dweller/neovim/.deps/build/src/libuv-build/CMakeFiles/CMakeTmp'
gmake[4]: *** [Makefile:127: cmTC_6d500/fast] Error 2
gmake[4]: Leaving directory '/home/dweller/neovim/.deps/build/src/libuv-build/CMakeFiles/CMakeTmp'


Source file was:
int main(void) { return 0; }
Performing C SOURCE FILE Test UV_LINT_NO_NONSTANDARD_MSVC failed with the following output:
Change Dir: /home/dweller/neovim/.deps/build/src/libuv-build/CMakeFiles/CMakeTmp

Run Build Command(s):/usr/bin/gmake -f Makefile cmTC_899f3/fast && gmake[4]: Entering directory '/home/dweller/neovim/.deps/build/src/libuv-build/CMakeFiles/CMakeTmp'
/usr/bin/gmake  -f CMakeFiles/cmTC_899f3.dir/build.make CMakeFiles/cmTC_899f3.dir/build
gmake[5]: Entering directory '/home/dweller/neovim/.deps/build/src/libuv-build/CMakeFiles/CMakeTmp'
Building C object CMakeFiles/cmTC_899f3.dir/src.c.o
/usr/bin/cc -DUV_LINT_NO_NONSTANDARD_MSVC  -fPIE   /wd4201 -std=gnu11 -o CMakeFiles/cmTC_899f3.dir/src.c.o -c /home/dweller/neovim/.deps/build/src/libuv-build/CMakeFiles/CMakeTmp/src.c
cc: warning: /wd4201: linker input file unused because linking not done
cc: error: /wd4201: linker input file not found: No such file or directory
gmake[5]: *** [CMakeFiles/cmTC_899f3.dir/build.make:78: CMakeFiles/cmTC_899f3.dir/src.c.o] Error 1
gmake[5]: *** Deleting file 'CMakeFiles/cmTC_899f3.dir/src.c.o'
gmake[5]: Leaving directory '/home/dweller/neovim/.deps/build/src/libuv-build/CMakeFiles/CMakeTmp'
gmake[4]: *** [Makefile:127: cmTC_899f3/fast] Error 2
gmake[4]: Leaving directory '/home/dweller/neovim/.deps/build/src/libuv-build/CMakeFiles/CMakeTmp'


Source file was:
int main(void) { return 0; }
Performing C SOURCE FILE Test UV_LINT_NO_NONSTANDARD_EMPTY_TU_MSVC failed with the following output:
Change Dir: /home/dweller/neovim/.deps/build/src/libuv-build/CMakeFiles/CMakeTmp

Run Build Command(s):/usr/bin/gmake -f Makefile cmTC_c15f2/fast && gmake[4]: Entering directory '/home/dweller/neovim/.deps/build/src/libuv-build/CMakeFiles/CMakeTmp'
/usr/bin/gmake  -f CMakeFiles/cmTC_c15f2.dir/build.make CMakeFiles/cmTC_c15f2.dir/build
gmake[5]: Entering directory '/home/dweller/neovim/.deps/build/src/libuv-build/CMakeFiles/CMakeTmp'
Building C object CMakeFiles/cmTC_c15f2.dir/src.c.o
/usr/bin/cc -DUV_LINT_NO_NONSTANDARD_EMPTY_TU_MSVC  -fPIE   /wd4206 -std=gnu11 -o CMakeFiles/cmTC_c15f2.dir/src.c.o -c /home/dweller/neovim/.deps/build/src/libuv-build/CMakeFiles/CMakeTmp/src.c
cc: warning: /wd4206: linker input file unused because linking not done
cc: error: /wd4206: linker input file not found: No such file or directory
gmake[5]: *** [CMakeFiles/cmTC_c15f2.dir/build.make:78: CMakeFiles/cmTC_c15f2.dir/src.c.o] Error 1
gmake[5]: *** Deleting file 'CMakeFiles/cmTC_c15f2.dir/src.c.o'
gmake[5]: Leaving directory '/home/dweller/neovim/.deps/build/src/libuv-build/CMakeFiles/CMakeTmp'
gmake[4]: *** [Makefile:127: cmTC_c15f2/fast] Error 2
gmake[4]: Leaving directory '/home/dweller/neovim/.deps/build/src/libuv-build/CMakeFiles/CMakeTmp'


Source file was:
int main(void) { return 0; }
Performing C SOURCE FILE Test UV_LINT_NO_NONSTANDARD_FILE_SCOPE_MSVC failed with the following output:
Change Dir: /home/dweller/neovim/.deps/build/src/libuv-build/CMakeFiles/CMakeTmp

Run Build Command(s):/usr/bin/gmake -f Makefile cmTC_c291a/fast && gmake[4]: Entering directory '/home/dweller/neovim/.deps/build/src/libuv-build/CMakeFiles/CMakeTmp'
/usr/bin/gmake  -f CMakeFiles/cmTC_c291a.dir/build.make CMakeFiles/cmTC_c291a.dir/build
gmake[5]: Entering directory '/home/dweller/neovim/.deps/build/src/libuv-build/CMakeFiles/CMakeTmp'
Building C object CMakeFiles/cmTC_c291a.dir/src.c.o
/usr/bin/cc -DUV_LINT_NO_NONSTANDARD_FILE_SCOPE_MSVC  -fPIE   /wd4210 -std=gnu11 -o CMakeFiles/cmTC_c291a.dir/src.c.o -c /home/dweller/neovim/.deps/build/src/libuv-build/CMakeFiles/CMakeTmp/src.c
cc: warning: /wd4210: linker input file unused because linking not done
cc: error: /wd4210: linker input file not found: No such file or directory
gmake[5]: *** [CMakeFiles/cmTC_c291a.dir/build.make:78: CMakeFiles/cmTC_c291a.dir/src.c.o] Error 1
gmake[5]: *** Deleting file 'CMakeFiles/cmTC_c291a.dir/src.c.o'
gmake[5]: Leaving directory '/home/dweller/neovim/.deps/build/src/libuv-build/CMakeFiles/CMakeTmp'
gmake[4]: *** [Makefile:127: cmTC_c291a/fast] Error 2
gmake[4]: Leaving directory '/home/dweller/neovim/.deps/build/src/libuv-build/CMakeFiles/CMakeTmp'


Source file was:
int main(void) { return 0; }
Performing C SOURCE FILE Test UV_LINT_NO_NONSTANDARD_NONSTATIC_DLIMPORT_MSVC failed with the following output:
Change Dir: /home/dweller/neovim/.deps/build/src/libuv-build/CMakeFiles/CMakeTmp

Run Build Command(s):/usr/bin/gmake -f Makefile cmTC_431f8/fast && gmake[4]: Entering directory '/home/dweller/neovim/.deps/build/src/libuv-build/CMakeFiles/CMakeTmp'
/usr/bin/gmake  -f CMakeFiles/cmTC_431f8.dir/build.make CMakeFiles/cmTC_431f8.dir/build
gmake[5]: Entering directory '/home/dweller/neovim/.deps/build/src/libuv-build/CMakeFiles/CMakeTmp'
Building C object CMakeFiles/cmTC_431f8.dir/src.c.o
/usr/bin/cc -DUV_LINT_NO_NONSTANDARD_NONSTATIC_DLIMPORT_MSVC  -fPIE   /wd4232 -std=gnu11 -o CMakeFiles/cmTC_431f8.dir/src.c.o -c /home/dweller/neovim/.deps/build/src/libuv-build/CMakeFiles/CMakeTmp/src.c
cc: warning: /wd4232: linker input file unused because linking not done
cc: error: /wd4232: linker input file not found: No such file or directory
gmake[5]: *** [CMakeFiles/cmTC_431f8.dir/build.make:78: CMakeFiles/cmTC_431f8.dir/src.c.o] Error 1
gmake[5]: *** Deleting file 'CMakeFiles/cmTC_431f8.dir/src.c.o'
gmake[5]: Leaving directory '/home/dweller/neovim/.deps/build/src/libuv-build/CMakeFiles/CMakeTmp'
gmake[4]: *** [Makefile:127: cmTC_431f8/fast] Error 2
gmake[4]: Leaving directory '/home/dweller/neovim/.deps/build/src/libuv-build/CMakeFiles/CMakeTmp'


Source file was:
int main(void) { return 0; }
Performing C SOURCE FILE Test UV_LINT_NO_HIDES_LOCAL failed with the following output:
Change Dir: /home/dweller/neovim/.deps/build/src/libuv-build/CMakeFiles/CMakeTmp

Run Build Command(s):/usr/bin/gmake -f Makefile cmTC_717ee/fast && gmake[4]: Entering directory '/home/dweller/neovim/.deps/build/src/libuv-build/CMakeFiles/CMakeTmp'
/usr/bin/gmake  -f CMakeFiles/cmTC_717ee.dir/build.make CMakeFiles/cmTC_717ee.dir/build
gmake[5]: Entering directory '/home/dweller/neovim/.deps/build/src/libuv-build/CMakeFiles/CMakeTmp'
Building C object CMakeFiles/cmTC_717ee.dir/src.c.o
/usr/bin/cc -DUV_LINT_NO_HIDES_LOCAL  -fPIE   /wd4456 -std=gnu11 -o CMakeFiles/cmTC_717ee.dir/src.c.o -c /home/dweller/neovim/.deps/build/src/libuv-build/CMakeFiles/CMakeTmp/src.c
cc: warning: /wd4456: linker input file unused because linking not done
cc: error: /wd4456: linker input file not found: No such file or directory
gmake[5]: *** [CMakeFiles/cmTC_717ee.dir/build.make:78: CMakeFiles/cmTC_717ee.dir/src.c.o] Error 1
gmake[5]: *** Deleting file 'CMakeFiles/cmTC_717ee.dir/src.c.o'
gmake[5]: Leaving directory '/home/dweller/neovim/.deps/build/src/libuv-build/CMakeFiles/CMakeTmp'
gmake[4]: *** [Makefile:127: cmTC_717ee/fast] Error 2
gmake[4]: Leaving directory '/home/dweller/neovim/.deps/build/src/libuv-build/CMakeFiles/CMakeTmp'


Source file was:
int main(void) { return 0; }
Performing C SOURCE FILE Test UV_LINT_NO_HIDES_PARAM failed with the following output:
Change Dir: /home/dweller/neovim/.deps/build/src/libuv-build/CMakeFiles/CMakeTmp

Run Build Command(s):/usr/bin/gmake -f Makefile cmTC_2e4bd/fast && gmake[4]: Entering directory '/home/dweller/neovim/.deps/build/src/libuv-build/CMakeFiles/CMakeTmp'
/usr/bin/gmake  -f CMakeFiles/cmTC_2e4bd.dir/build.make CMakeFiles/cmTC_2e4bd.dir/build
gmake[5]: Entering directory '/home/dweller/neovim/.deps/build/src/libuv-build/CMakeFiles/CMakeTmp'
Building C object CMakeFiles/cmTC_2e4bd.dir/src.c.o
/usr/bin/cc -DUV_LINT_NO_HIDES_PARAM  -fPIE   /wd4457 -std=gnu11 -o CMakeFiles/cmTC_2e4bd.dir/src.c.o -c /home/dweller/neovim/.deps/build/src/libuv-build/CMakeFiles/CMakeTmp/src.c
cc: warning: /wd4457: linker input file unused because linking not done
cc: error: /wd4457: linker input file not found: No such file or directory
gmake[5]: *** [CMakeFiles/cmTC_2e4bd.dir/build.make:78: CMakeFiles/cmTC_2e4bd.dir/src.c.o] Error 1
gmake[5]: *** Deleting file 'CMakeFiles/cmTC_2e4bd.dir/src.c.o'
gmake[5]: Leaving directory '/home/dweller/neovim/.deps/build/src/libuv-build/CMakeFiles/CMakeTmp'
gmake[4]: *** [Makefile:127: cmTC_2e4bd/fast] Error 2
gmake[4]: Leaving directory '/home/dweller/neovim/.deps/build/src/libuv-build/CMakeFiles/CMakeTmp'


Source file was:
int main(void) { return 0; }
Performing C SOURCE FILE Test UV_LINT_NO_HIDES_GLOBAL failed with the following output:
Change Dir: /home/dweller/neovim/.deps/build/src/libuv-build/CMakeFiles/CMakeTmp

Run Build Command(s):/usr/bin/gmake -f Makefile cmTC_d077f/fast && gmake[4]: Entering directory '/home/dweller/neovim/.deps/build/src/libuv-build/CMakeFiles/CMakeTmp'
/usr/bin/gmake  -f CMakeFiles/cmTC_d077f.dir/build.make CMakeFiles/cmTC_d077f.dir/build
gmake[5]: Entering directory '/home/dweller/neovim/.deps/build/src/libuv-build/CMakeFiles/CMakeTmp'
Building C object CMakeFiles/cmTC_d077f.dir/src.c.o
/usr/bin/cc -DUV_LINT_NO_HIDES_GLOBAL  -fPIE   /wd4459 -std=gnu11 -o CMakeFiles/cmTC_d077f.dir/src.c.o -c /home/dweller/neovim/.deps/build/src/libuv-build/CMakeFiles/CMakeTmp/src.c
cc: warning: /wd4459: linker input file unused because linking not done
cc: error: /wd4459: linker input file not found: No such file or directory
gmake[5]: *** [CMakeFiles/cmTC_d077f.dir/build.make:78: CMakeFiles/cmTC_d077f.dir/src.c.o] Error 1
gmake[5]: *** Deleting file 'CMakeFiles/cmTC_d077f.dir/src.c.o'
gmake[5]: Leaving directory '/home/dweller/neovim/.deps/build/src/libuv-build/CMakeFiles/CMakeTmp'
gmake[4]: *** [Makefile:127: cmTC_d077f/fast] Error 2
gmake[4]: Leaving directory '/home/dweller/neovim/.deps/build/src/libuv-build/CMakeFiles/CMakeTmp'


Source file was:
int main(void) { return 0; }
Performing C SOURCE FILE Test UV_LINT_NO_CONDITIONAL_ASSIGNMENT_MSVC failed with the following output:
Change Dir: /home/dweller/neovim/.deps/build/src/libuv-build/CMakeFiles/CMakeTmp

Run Build Command(s):/usr/bin/gmake -f Makefile cmTC_a13e7/fast && gmake[4]: Entering directory '/home/dweller/neovim/.deps/build/src/libuv-build/CMakeFiles/CMakeTmp'
/usr/bin/gmake  -f CMakeFiles/cmTC_a13e7.dir/build.make CMakeFiles/cmTC_a13e7.dir/build
gmake[5]: Entering directory '/home/dweller/neovim/.deps/build/src/libuv-build/CMakeFiles/CMakeTmp'
Building C object CMakeFiles/cmTC_a13e7.dir/src.c.o
/usr/bin/cc -DUV_LINT_NO_CONDITIONAL_ASSIGNMENT_MSVC  -fPIE   /wd4706 -std=gnu11 -o CMakeFiles/cmTC_a13e7.dir/src.c.o -c /home/dweller/neovim/.deps/build/src/libuv-build/CMakeFiles/CMakeTmp/src.c
cc: warning: /wd4706: linker input file unused because linking not done
cc: error: /wd4706: linker input file not found: No such file or directory
gmake[5]: *** [CMakeFiles/cmTC_a13e7.dir/build.make:78: CMakeFiles/cmTC_a13e7.dir/src.c.o] Error 1
gmake[5]: *** Deleting file 'CMakeFiles/cmTC_a13e7.dir/src.c.o'
gmake[5]: Leaving directory '/home/dweller/neovim/.deps/build/src/libuv-build/CMakeFiles/CMakeTmp'
gmake[4]: *** [Makefile:127: cmTC_a13e7/fast] Error 2
gmake[4]: Leaving directory '/home/dweller/neovim/.deps/build/src/libuv-build/CMakeFiles/CMakeTmp'


Source file was:
int main(void) { return 0; }
Performing C SOURCE FILE Test UV_LINT_NO_UNSAFE_MSVC failed with the following output:
Change Dir: /home/dweller/neovim/.deps/build/src/libuv-build/CMakeFiles/CMakeTmp

Run Build Command(s):/usr/bin/gmake -f Makefile cmTC_6836c/fast && gmake[4]: Entering directory '/home/dweller/neovim/.deps/build/src/libuv-build/CMakeFiles/CMakeTmp'
/usr/bin/gmake  -f CMakeFiles/cmTC_6836c.dir/build.make CMakeFiles/cmTC_6836c.dir/build
gmake[5]: Entering directory '/home/dweller/neovim/.deps/build/src/libuv-build/CMakeFiles/CMakeTmp'
Building C object CMakeFiles/cmTC_6836c.dir/src.c.o
/usr/bin/cc -DUV_LINT_NO_UNSAFE_MSVC  -fPIE   /wd4996 -std=gnu11 -o CMakeFiles/cmTC_6836c.dir/src.c.o -c /home/dweller/neovim/.deps/build/src/libuv-build/CMakeFiles/CMakeTmp/src.c
cc: warning: /wd4996: linker input file unused because linking not done
cc: error: /wd4996: linker input file not found: No such file or directory
gmake[5]: *** [CMakeFiles/cmTC_6836c.dir/build.make:78: CMakeFiles/cmTC_6836c.dir/src.c.o] Error 1
gmake[5]: *** Deleting file 'CMakeFiles/cmTC_6836c.dir/src.c.o'
gmake[5]: Leaving directory '/home/dweller/neovim/.deps/build/src/libuv-build/CMakeFiles/CMakeTmp'
gmake[4]: *** [Makefile:127: cmTC_6836c/fast] Error 2
gmake[4]: Leaving directory '/home/dweller/neovim/.deps/build/src/libuv-build/CMakeFiles/CMakeTmp'


Source file was:
int main(void) { return 0; }
Performing C SOURCE FILE Test UV_LINT_UTF8_MSVC failed with the following output:
Change Dir: /home/dweller/neovim/.deps/build/src/libuv-build/CMakeFiles/CMakeTmp

Run Build Command(s):/usr/bin/gmake -f Makefile cmTC_9d995/fast && gmake[4]: Entering directory '/home/dweller/neovim/.deps/build/src/libuv-build/CMakeFiles/CMakeTmp'
/usr/bin/gmake  -f CMakeFiles/cmTC_9d995.dir/build.make CMakeFiles/cmTC_9d995.dir/build
gmake[5]: Entering directory '/home/dweller/neovim/.deps/build/src/libuv-build/CMakeFiles/CMakeTmp'
Building C object CMakeFiles/cmTC_9d995.dir/src.c.o
/usr/bin/cc -DUV_LINT_UTF8_MSVC  -fPIE   /utf-8 -std=gnu11 -o CMakeFiles/cmTC_9d995.dir/src.c.o -c /home/dweller/neovim/.deps/build/src/libuv-build/CMakeFiles/CMakeTmp/src.c
cc: warning: /utf-8: linker input file unused because linking not done
cc: error: /utf-8: linker input file not found: No such file or directory
gmake[5]: *** [CMakeFiles/cmTC_9d995.dir/build.make:78: CMakeFiles/cmTC_9d995.dir/src.c.o] Error 1
gmake[5]: *** Deleting file 'CMakeFiles/cmTC_9d995.dir/src.c.o'
gmake[5]: Leaving directory '/home/dweller/neovim/.deps/build/src/libuv-build/CMakeFiles/CMakeTmp'
gmake[4]: *** [Makefile:127: cmTC_9d995/fast] Error 2
gmake[4]: Leaving directory '/home/dweller/neovim/.deps/build/src/libuv-build/CMakeFiles/CMakeTmp'


Source file was:
int main(void) { return 0; }
